<?xml version="1.0" encoding="utf-8"?><testsuites name="pytest tests"><testsuite name="pytest" errors="0" failures="0" skipped="0" tests="21" time="2.911" timestamp="2026-07-15T20:32:34.532224+00:00" hostname="agent-env-f0f199e3-f915-409d-b9e5-c57d5cbf2f6d"><testcase classname="tests.backend_test.TestCheckIns" name="test_admin_checkins_requires_auth" time="0.247" /><testcase classname="tests.backend_test.TestAuth" name="test_login_success" time="0.477" /><testcase classname="tests.backend_test.TestAuth" name="test_login_invalid_password" time="0.454" /><testcase classname="tests.backend_test.TestAuth" name="test_login_invalid_email" time="0.046" /><testcase classname="tests.backend_test.TestCheckIns" name="test_create_checkin_public" time="1.226" /><testcase classname="tests.backend_test.TestAuth" name="test_me_without_token" time="0.047" /><testcase classname="tests.backend_test.TestAuth" name="test_me_with_token" time="0.376" /><testcase classname="tests.backend_test.TestJobs" name="test_list_jobs_public" time="0.054" /><testcase classname="tests.backend_test.TestJobs" name="test_list_jobs_active_only" time="0.052" /><testcase classname="tests.backend_test.TestCheckIns" name="test_public_job_checkins" time="0.050" /><testcase classname="tests.backend_test.TestJobs" name="test_create_job_requires_auth" time="0.045" /><testcase classname="tests.backend_test.TestCheckIns" name="test_admin_list_checkins" time="0.058" /><testcase classname="tests.backend_test.TestJobs" name="test_job_crud_flow" time="0.462" /><testcase classname="tests.backend_test.TestCheckIns" name="test_create_checkin_invalid_job" time="0.053" /><testcase classname="tests.backend_test.TestCheckIns" name="test_create_checkin_nonexistent_job" time="0.053" /><testcase classname="tests.backend_test.TestCheckIns" name="test_delete_job_cascades_checkins" time="0.386" /><testcase classname="tests.backend_test.TestJobs" name="test_get_job_invalid_id" time="0.049" /><testcase classname="tests.backend_test.TestSettings" name="test_get_settings_public" time="0.058" /><testcase classname="tests.backend_test.TestHealth" name="test_root_api" time="0.105" /><testcase classname="tests.backend_test.TestSettings" name="test_put_settings_requires_auth" time="0.043" /><testcase classname="tests.backend_test.TestSettings" name="test_put_settings_success_and_persist" time="0.189" /></testsuite></testsuites>