<?xml version="1.0" encoding="utf-8"?><testsuites name="pytest tests"><testsuite name="pytest" errors="0" failures="1" skipped="0" tests="33" time="5.460" timestamp="2026-07-19T00:47:57.600198+00:00" hostname="agent-env-f0f199e3-f915-409d-b9e5-c57d5cbf2f6d"><testcase classname="tests.backend_test.TestCheckIns" name="test_admin_checkins_requires_auth" time="0.186" /><testcase classname="tests.backend_test.TestJobs" name="test_list_jobs_public" time="0.217" /><testcase classname="tests.backend_test.TestJobs" name="test_migration_added_contact_fields" time="0.060"><failure message="AssertionError: job 6a57e6d07976af16733fa8ed missing contact field&#10;assert ('email' in {'full_name'} or 'phone' in {'full_name'})">backend/tests/backend_test.py:121: in test_migration_added_contact_fields
    assert ("email" in keys) or ("phone" in keys), f"job {j['id']} missing contact field"
E   AssertionError: job 6a57e6d07976af16733fa8ed missing contact field
E   assert ('email' in {'full_name'} or 'phone' in {'full_name'})</failure></testcase><testcase classname="tests.backend_test.TestJobs" name="test_create_job_with_form_heading_and_typed_fields" time="0.726" /><testcase classname="tests.backend_test.TestCheckIns" name="test_create_checkin_public_with_responses" time="0.690" /><testcase classname="tests.backend_test.TestCheckIns" name="test_create_checkin_old_contract_rejected" time="0.050" /><testcase classname="tests.backend_test.TestCheckIns" name="test_public_job_checkins_returns_responses" time="0.060" /><testcase classname="tests.backend_test.TestCheckIns" name="test_admin_list_checkins_with_auth" time="0.046" /><testcase classname="tests.backend_test.TestJobs" name="test_update_job_removes_phone" time="0.199" /><testcase classname="tests.backend_test.TestCheckIns" name="test_create_checkin_invalid_job" time="0.093" /><testcase classname="tests.backend_test.TestCheckIns" name="test_create_checkin_nonexistent_job" time="0.046" /><testcase classname="tests.backend_test.TestCheckIns" name="test_delete_checkin_requires_auth" time="0.154" /><testcase classname="tests.backend_test.TestJobs" name="test_job_defaults_include_consent_fields" time="0.101" /><testcase classname="tests.backend_test.TestJobs" name="test_job_update_consent_fields_persist" time="0.206" /><testcase classname="tests.backend_test.TestCheckIns" name="test_bulk_delete_requires_auth" time="0.201" /><testcase classname="tests.backend_test.TestCheckIns" name="test_clear_checkins_requires_auth" time="0.333" /><testcase classname="tests.backend_test.TestJobs" name="test_public_jobs_return_consent_fields" time="0.055" /><testcase classname="tests.backend_test.TestAuth" name="test_login_success" time="0.276" /><testcase classname="tests.backend_test.TestAuth" name="test_login_invalid_password" time="0.275" /><testcase classname="tests.backend_test.TestCheckIns" name="test_delete_single_checkin_persists" time="0.675" /><testcase classname="tests.backend_test.TestAuth" name="test_me_without_token" time="0.050" /><testcase classname="tests.backend_test.TestAuth" name="test_me_with_token" time="0.049" /><testcase classname="tests.backend_test.TestSettings" name="test_get_settings_public" time="0.052" /><testcase classname="tests.backend_test.TestSettings" name="test_update_primary_color_persists" time="0.245" /><testcase classname="tests.backend_test.TestHealth" name="test_root_api" time="0.050" /><testcase classname="tests.backend_test.TestCheckIns" name="test_delete_checkin_invalid_id_returns_404" time="0.101" /><testcase classname="tests.backend_test.TestCheckIns" name="test_bulk_delete_checkins" time="0.372" /><testcase classname="tests.backend_test.TestCheckIns" name="test_bulk_delete_empty_ids" time="0.109" /><testcase classname="tests.backend_test.TestCheckIns" name="test_clear_all_checkins_for_job" time="0.570" /><testcase classname="tests.backend_test.TestCheckIns" name="test_job_defaults_include_success_fields" time="0.204" /><testcase classname="tests.backend_test.TestCheckIns" name="test_job_update_success_fields_persist" time="0.422" /><testcase classname="tests.backend_test.TestCheckIns" name="test_public_jobs_return_success_fields" time="0.048" /><testcase classname="tests.backend_test.TestCheckIns" name="test_delete_job_cascades_checkins" time="0.307" /></testsuite></testsuites>